<?xml version="1.0" encoding="UTF-8"?>
<!-- Generated by org.testng.reporters.JUnitXMLReporter -->
<testsuite ignored="0" hostname="F515R72" failures="2" tests="5" name="Surefire test" time="116.366" errors="0" timestamp="2022-09-02T10:02:18 SAST">
  <testcase classname="io.cucumber.testng.AbstractTestNGCucumberTests" name="runScenario" time="50.834">
    <failure type="java.lang.AssertionError" message="Cannot find email address expected [true] but found [false]">
      <![CDATA[java.lang.AssertionError: Cannot find email address expected [true] but found [false]
... Removed 5 stack frames]]>
    </failure>
  </testcase> <!-- runScenario -->
  <testcase classname="io.cucumber.testng.AbstractTestNGCucumberTests" name="runScenario" time="24.11"/>
  <testcase classname="io.cucumber.testng.AbstractTestNGCucumberTests" name="runScenario" time="14.291">
    <failure type="java.lang.AssertionError" message="You are not in admin Page expected [Dashboard / nopCommerce administration12345] but found [Dashboard / nopCommerce administration]">
      <![CDATA[java.lang.AssertionError: You are not in admin Page expected [Dashboard / nopCommerce administration12345] but found [Dashboard / nopCommerce administration]
at StepsDefinition.loginSteps.user_should_be_in_admin_page(loginSteps.java:48)
at âœ½.user should be in admin page(file:///C:/Users/lerato.motshabi/NewSpace/CucumberFramework.nopCommerce/src/test/resources/features/loginSteps.feature:29)
... Removed 5 stack frames]]>
    </failure>
  </testcase> <!-- runScenario -->
  <testcase classname="io.cucumber.testng.AbstractTestNGCucumberTests" name="runScenario" time="9.545"/>
  <testcase classname="io.cucumber.testng.AbstractTestNGCucumberTests" name="runScenario" time="10.91"/>
</testsuite> <!-- Surefire test -->
